#
# A fatal error has been detected by the Java Runtime Environment:
#
#  EXCEPTION_ACCESS_VIOLATION (0xc0000005) at pc=0x00000000, pid=6352, tid=4432
#
# JRE version: 7.0_02-b13
# Java VM: Java HotSpot(TM) Client VM (22.0-b10 mixed mode windows-x86 )
# Problematic frame:
# C  0x00000000
#
# Failed to write core dump. Minidumps are not enabled by default on client versions of Windows
#
# If you would like to submit a bug report, please visit:
#   http://bugreport.sun.com/bugreport/crash.jsp
#

---------------  T H R E A D  ---------------

Current thread (0x003c7400):  JavaThread "main" [_thread_in_Java, id=4432, stack(0x00900000,0x1fd00000)]

siginfo: ExceptionCode=0xc0000005, reading address 0x00000000

Registers:
EAX=0x04000000, EBX=0x605bdb28, ECX=0x21db0ca8, EDX=0x0c800001
ESP=0x1fcff340, EBP=0x1fcff368, ESI=0x1fcff344, EDI=0x1fcff36c
EIP=0x00000000, EFLAGS=0x00010216

Top of Stack: (sp=0x1fcff340)
0x1fcff340:   1fd333fb 21db0ca8 1fcff348 605c7e33
0x1fcff350:   1fcff36c 6061ffb0 00000000 605c7e70
0x1fcff360:   1fcff344 1fcff370 1fcff384 1fd30357
0x1fcff370:   6da934d2 00001f80 1fd302f2 003c7400
0x1fcff380:   605c7e70 1fcff400 6da93c0a 1fcff3b8
0x1fcff390:   1fcff48c 0000000a 605c7e70 1fd39780
0x1fcff3a0:   1fcff498 00000000 003c7400 605c7e70
0x1fcff3b0:   003c7400 003c7400 003c7400 66828310 

Instructions: (pc=0x00000000)
0xffffffe0:   


Register to memory mapping:

EAX=0x04000000 is pointing into the stack for thread: 0x003c7400
EBX=0x605bdb28 is an oop
{method} 
 - klass: {other class}
ECX=0x21db0ca8 is an oop
java.lang.Class 
 - klass: 'java/lang/Class'
EDX=0x0c800001 is pointing into the stack for thread: 0x003c7400
ESP=0x1fcff340 is pointing into the stack for thread: 0x003c7400
EBP=0x1fcff368 is pointing into the stack for thread: 0x003c7400
ESI=0x1fcff344 is pointing into the stack for thread: 0x003c7400
EDI=0x1fcff36c is pointing into the stack for thread: 0x003c7400


Stack: [0x00900000,0x1fd00000],  sp=0x1fcff340,  free space=511996k

---------------  P R O C E S S  ---------------

Java Threads: ( => current thread )
=>0x003c7400 JavaThread "main" [_thread_in_Java, id=4432, stack(0x00900000,0x1fd00000)]

Other Threads:
  0x66827000 VMThread [stack: 0x66850000,0x668a0000] [id=2148]

VM state:not at safepoint (normal execution)

VM Mutex/Monitor currently owned by a thread: None

Heap
 def new generation   total 4928K, used 88K [0x21db0000, 0x22300000, 0x36b00000)
  eden space 4416K,   2% used [0x21db0000, 0x21dc61b0, 0x22200000)
  from space 512K,   0% used [0x22200000, 0x22200000, 0x22280000)
  to   space 512K,   0% used [0x22280000, 0x22280000, 0x22300000)
 tenured generation   total 10944K, used 0K [0x36b00000, 0x375b0000, 0x605b0000)
   the space 10944K,   0% used [0x36b00000, 0x36b00000, 0x36b00200, 0x375b0000)
 compacting perm gen  total 12288K, used 530K [0x605b0000, 0x611b0000, 0x645b0000)
   the space 12288K,   4% used [0x605b0000, 0x606348e8, 0x60634a00, 0x611b0000)
No shared spaces configured.

Code Cache  [0x1fd30000, 0x1fd78000, 0x21d30000)
 total_blobs=41 nmethods=0 adapters=18 free_code_cache=32498Kb largest_free_block=33278720

Dynamic libraries:
0x00400000 - 0x0042e000 	C:\Program Files\Java\jdk1.7.0_02\bin\java.exe
0x7c900000 - 0x7c9b2000 	C:\WINNT\system32\ntdll.dll
0x7c800000 - 0x7c8f6000 	C:\WINNT\system32\kernel32.dll
0x77dd0000 - 0x77e6b000 	C:\WINNT\system32\ADVAPI32.dll
0x77e70000 - 0x77f03000 	C:\WINNT\system32\RPCRT4.dll
0x77fe0000 - 0x77ff1000 	C:\WINNT\system32\Secur32.dll
0x7e410000 - 0x7e4a1000 	C:\WINNT\system32\USER32.dll
0x77f10000 - 0x77f59000 	C:\WINNT\system32\GDI32.dll
0x773d0000 - 0x774d3000 	C:\WINNT\WinSxS\x86_Microsoft.Windows.Common-Controls_6595b64144ccf1df_6.0.2600.6028_x-ww_61e65202\COMCTL32.dll
0x77c10000 - 0x77c68000 	C:\WINNT\system32\msvcrt.dll
0x77f60000 - 0x77fd6000 	C:\WINNT\system32\SHLWAPI.dll
0x76390000 - 0x763ad000 	C:\WINNT\system32\IMM32.DLL
0x78aa0000 - 0x78b5e000 	C:\Program Files\Java\jdk1.7.0_02\jre\bin\msvcr100.dll
0x6d970000 - 0x6dc98000 	C:\Program Files\Java\jdk1.7.0_02\jre\bin\client\jvm.dll
0x71ad0000 - 0x71ad9000 	C:\WINNT\system32\WSOCK32.dll
0x71ab0000 - 0x71ac7000 	C:\WINNT\system32\WS2_32.dll
0x71aa0000 - 0x71aa8000 	C:\WINNT\system32\WS2HELP.dll
0x76b40000 - 0x76b6d000 	C:\WINNT\system32\WINMM.dll
0x76bf0000 - 0x76bfb000 	C:\WINNT\system32\PSAPI.DLL
0x6d900000 - 0x6d90c000 	C:\Program Files\Java\jdk1.7.0_02\jre\bin\verify.dll
0x6d400000 - 0x6d420000 	C:\Program Files\Java\jdk1.7.0_02\jre\bin\java.dll
0x6d950000 - 0x6d963000 	C:\Program Files\Java\jdk1.7.0_02\jre\bin\zip.dll

VM Arguments:
jvm_args: -Dfile.encoding=UTF-8 -Xmx1000m -Xss500m 
java_command: stronglyconnectedcomponents.StronglyConnectedComponents
Launcher Type: SUN_STANDARD

Environment Variables:
PATH=C:\WINNT\System32;C:\WINNT;C:\WINNT\System32\wbem;Z:\BIN;Z:\SYBASE\DLL;Z:\VB\CURRENT;Z:\PB\CURRENT;Z:\VB\OLD;Z:\PB\OLD;Z:\VB\OLDER;Z:\PB\OLDER;C:\WINNT\MS\SMS\CORE\BIN;C:\WINNT\system32\WindowsPowerShell\v1.0;c:\Program Files\CheckPoint\File Encryption\Program\;C:\Program Files\Windows Imaging\;C:\Program Files\SAS\SharedFiles\Formats;C:\Program Files\SSH Communications Security\SSH Tectia\SSH Tectia AUX;C:\Program Files\SSH Communications Security\SSH Tectia\SSH Tectia AUX\Support binaries;C:\Program Files\SSH Communications Security\SSH Tectia\SSH Tectia Broker;C:\Program Files\SSH Communications Security\SSH Tectia\SSH Tectia Client;C:\Program Files\TortoiseSVN\bin
USERNAME=davidson_b
OS=Windows_NT
PROCESSOR_IDENTIFIER=x86 Family 6 Model 23 Stepping 10, GenuineIntel



---------------  S Y S T E M  ---------------

OS: Windows XP Build 2600 Service Pack 3

CPU:total 2 (2 cores per cpu, 1 threads per core) family 6 model 23 stepping 10, cmov, cx8, fxsr, mmx, sse, sse2, sse3, ssse3, sse4.1

Memory: 4k page, physical 3657520k(2066264k free), swap 5583096k(3870160k free)

vm_info: Java HotSpot(TM) Client VM (22.0-b10) for windows-x86 JRE (1.7.0_02-b13), built on Nov 17 2011 17:17:32 by "java_re" with unknown MS VC++:1600

time: Wed Apr 18 17:55:37 2012
elapsed time: 0 seconds

